処理開始: 1171件のメール

[1/1171] 処理中...
  タイトル: 人生を好転させる！体と心の健康習慣のススメ
  カテゴリー: 習慣形成

[2/1171] 処理中...
  タイトル: 【動画公開】1/30卒業生サポートZOOMアップロード
  カテゴリー: マインドセット

[3/1171] 処理中...
  タイトル: 仕事の喜びを見つけ、理想の未来へシフト
  カテゴリー: マインドセット

[4/1171] 処理中...
  タイトル: 金儲け、社会貢献、自己実現は完全一致する
  カテゴリー: マインドセット

[5/1171] 処理中...
  タイトル: なぜ年収100倍に？セルフイメージの驚くべき力
  カテゴリー: マインドセット

[6/1171] 処理中...
  タイトル: 人間関係のシンプルなルール：与える相手の選び方
  カテゴリー: 人間関係

[7/1171] 処理中...
  タイトル: 大阪リアルセミナー Q&A質問募集のご依頼
  カテゴリー: 行動力

[8/1171] 処理中...
  タイトル: 【リマインド】東京リアルセミナー Q&A質問募集
  カテゴリー: 行動力

[9/1171] 処理中...
  タイトル: 富とパートナーシップで人生をアップデート！完全版コンテンツ
  カテゴリー: マインドセット

[10/1171] 処理中...
  タイトル: ZOOM質問会アーカイブと1月販売会日程のご案内
  カテゴリー: 行動力

[11/1171] 処理中...
  タイトル: 2025年1月コイン販売会日程決定！Zoom開催
  カテゴリー: 販売会案内

[12/1171] 処理中...
  タイトル: 気持ちが整う！氏神様へのご挨拶習慣のすすめ
  カテゴリー: 習慣形成

[13/1171] 処理中...
  タイトル: 「ディマティーニの知恵の部屋」動画アップロードのお知らせ
  カテゴリー: マインドセット

[14/1171] 処理中...
  タイトル: 6月21日ZOOMコーチング動画アップロードのお知らせ
  カテゴリー: 目標設定

[15/1171] 処理中...
  タイトル: 明日アウトプットシェア会：司会・内容変更のお知らせ
  カテゴリー: 行動力

[16/1171] 処理中...
  タイトル: 2/26卒業生サポートZOOM動画、会員サイトにアップロード
  カテゴリー: お知らせ

[17/1171] 処理中...
  タイトル: 抵抗を手放し、しっくりくる未来を選ぶ
  カテゴリー: マインドセット

[18/1171] 処理中...
  タイトル: 【あと5日】年会費プログラム更新と特別な音声特典
  カテゴリー: マインドセット

[19/1171] 処理中...
  タイトル: 他者を信頼し成長を促す無言の信頼の力
  カテゴリー: 人間関係

[20/1171] 処理中...
  タイトル: お金の失敗から学ぶ「魂の成長」
  カテゴリー: マインドセット

[21/1171] 処理中...
  タイトル: 「流れ」と調和し直感を磨くマインドセット
  カテゴリー: マインドセット

[22/1171] 処理中...
  タイトル: 憧れの先輩からの誘い、成長を実感した自分軸
  カテゴリー: マインドセット

[23/1171] 処理中...
  タイトル: 【あと6日】年会費プログラム更新と特別特典！
  カテゴリー: 目標設定

[24/1171] 処理中...
  タイトル: 嫌な人がいる意味とは？魂の成長を促す配役
  カテゴリー: マインドセット

[25/1171] 処理中...
  タイトル: 人生を好転させる「捨てる」「減らす」習慣
  カテゴリー: マインドセット

[26/1171] 処理中...
  タイトル: お金のセルフイメージで年収は変わる！自分の価値を認めよう
  カテゴリー: マインドセット

[27/1171] 処理中...
  タイトル: ポジティブとネガティブのバランス：人生をスムーズにする真理
  カテゴリー: マインドセット

[28/1171] 処理中...
  タイトル: 自己肯定感を高める鍵は「自分で決断し責任を持つ」
  カテゴリー: 自己受容

[29/1171] 処理中...
  タイトル: 「ディマティーニの知恵の部屋」動画公開のお知らせ
  カテゴリー: マインドセット

[30/1171] 処理中...
  タイトル: 疲れる人との距離の取り方とエネルギー自家発電
  カテゴリー: 人間関係

[31/1171] 処理中...
  タイトル: お金が導く魂の成長：心のブレーキを外し欲求を解放
  カテゴリー: マインドセット

[32/1171] 処理中...
  タイトル: 【初日300名】アンティークコイン専門講座のご案内
  カテゴリー: マインドセット

[33/1171] 処理中...
  タイトル: アンティークコイン動画教材お届け＆特典ご案内
  カテゴリー: 習慣形成

[34/1171] 処理中...
  タイトル: お金を愛するマインドで豊かに！アンティークコイン講座
  カテゴリー: マインドセット

[35/1171] 処理中...
  タイトル: 波動を整えブレない軸を育む意識の法則
  カテゴリー: マインドセット

[36/1171] 処理中...
  タイトル: 人生の流れを好転！意識レベルの高い人との繋がり
  カテゴリー: マインドセット

[37/1171] 処理中...
  タイトル: 1月23日ZOOMコーチング動画アップロードのお知らせ
  カテゴリー: 目標設定

[38/1171] 処理中...
  タイトル: 本日開催！卒業生サポートZoom参加のご案内
  カテゴリー: 行動力

[39/1171] 処理中...
  タイトル: お金持ちの真似で経済ステージアップ！富裕層の習慣形成
  カテゴリー: 習慣形成

[40/1171] 処理中...
  タイトル: 目標実現の鍵は、成るまで意識し続けること
  カテゴリー: マインドセット

[41/1171] 処理中...
  タイトル: アンティークコインZOOM販売会アーカイブ公開と注文方法
  カテゴリー: 情報共有

[42/1171] 処理中...
  タイトル: 人間関係好転の鍵は家族！思考のクセで人生を変える
  カテゴリー: 人間関係

[43/1171] 処理中...
  タイトル: 5月アンティークコイン販売会：ZOOM＆リアル詳細
  カテゴリー: 目標設定

[44/1171] 処理中...
  タイトル: 困難を魂の成長に変えるマインドセット
  カテゴリー: マインドセット

[45/1171] 処理中...
  タイトル: 親との関係が全ての鍵！内面癒しで人生激変の道
  カテゴリー: 人間関係

[46/1171] 処理中...
  タイトル: 応援隊の皆様へ：新企画アンケートご協力のお願い
  カテゴリー: 目標設定

[47/1171] 処理中...
  タイトル: スモールビジネス：商品レビュー協力者募集（報酬有）
  カテゴリー: 行動力

[48/1171] 処理中...
  タイトル: 『今』発する波動が未来を創る：人生は自分で選べる
  カテゴリー: マインドセット

[49/1171] 処理中...
  タイトル: 1・2期生向け継続コース募集リマインド【6月10日まで】
  カテゴリー: 目標設定

[50/1171] 処理中...
  タイトル: 不調脱却！人生を好転させる「真剣」マインド
  カテゴリー: マインドセット

[51/1171] 処理中...
  タイトル: 願望達成の鍵：理想の気分を今選ぶ
  カテゴリー: マインドセット

[52/1171] 処理中...
  タイトル: 人生を「ワープ」させた受講生の声と次の募集
  カテゴリー: マインドセット

[53/1171] 処理中...
  タイトル: 妻の「根拠なき自信」が私を成長させた
  カテゴリー: 自己受容

[54/1171] 処理中...
  タイトル: 好きを極める！AI時代を生き抜く「オタクの道」
  カテゴリー: マインドセット

[55/1171] 処理中...
  タイトル: 波動がすべて！休む勇気と内面ケアで人生を好転
  カテゴリー: マインドセット

[56/1171] 処理中...
  タイトル: ブレない自分軸で楽に生きる、中心の整え方
  カテゴリー: マインドセット

[57/1171] 処理中...
  タイトル: オーストラリアリトリート開催！11月参加者募集
  カテゴリー: 行動力

[58/1171] 処理中...
  タイトル: 普通の僕が夢を掴むまで。挫折と希望の道のり
  カテゴリー: マインドセット

[59/1171] 処理中...
  タイトル: 1月20日リアル販売会 抽選結果と今後のご案内
  カテゴリー: お知らせ

[60/1171] 処理中...
  タイトル: 思い立ったらすぐ動かない。焦らず貯める行動術
  カテゴリー: マインドセット

[61/1171] 処理中...
  タイトル: セルフイメージが人生を好転させる鍵
  カテゴリー: マインドセット

[62/1171] 処理中...
  タイトル: 悩みが溶ける！そのまんまの自分を取り戻す
  カテゴリー: 自己受容

[63/1171] 処理中...
  タイトル: 明日開催！Zoom販売会リマインドと補足案内
  カテゴリー: 行動力

[64/1171] 処理中...
  タイトル: 望む未来を現実に！今すぐ「成りたい自分」になる方法
  カテゴリー: マインドセット

[65/1171] 処理中...
  タイトル: 望む人生へ焦点：豊かなマインドセットで日常を整える
  カテゴリー: マインドセット

[66/1171] 処理中...
  タイトル: 人生は体験の旅！全てを受け入れ感謝
  カテゴリー: 自己受容

[67/1171] 処理中...
  タイトル: 人生は体験！他人の評価は気にせずやりきろう
  カテゴリー: マインドセット

[68/1171] 処理中...
  タイトル: 「当たり前」が未来を変える！お金のマインドセット
  カテゴリー: マインドセット

[69/1171] 処理中...
  タイトル: 必要なことは必ずやってくる！人生の両面を活かすバランス思考
  カテゴリー: マインドセット

[70/1171] 処理中...
  タイトル: 場の力で自己探求！鏡の法則講座：本日割引最終日
  カテゴリー: 自己受容

[71/1171] 処理中...
  タイトル: 人生を変える！継続とこだわるマインドセット
  カテゴリー: マインドセット

[72/1171] 処理中...
  タイトル: 一期生ウェルスダイナミクスコンテンツ閲覧開始のお知らせ
  カテゴリー: 自己受容

[73/1171] 処理中...
  タイトル: 1/17 ZOOMコーチング動画公開のお知らせ
  カテゴリー: 目標設定

[74/1171] 処理中...
  タイトル: 人生を変えるなら、自ら追い込め！
  カテゴリー: マインドセット

[75/1171] 処理中...
  タイトル: 夢の船、体験乗船！未来の住まいへの第一歩
  カテゴリー: 目標設定

[76/1171] 処理中...
  タイトル: リストアップで自信回復！メンタルブロックを軽減し成功へ
  カテゴリー: マインドセット

[77/1171] 処理中...
  タイトル: 「自律」の重要性：成功と転落から学ぶ４原則
  カテゴリー: マインドセット

[78/1171] 処理中...
  タイトル: 卒業サポートZOOM 4月・5月開催日程と参加方法
  カテゴリー: 目標設定

[79/1171] 処理中...
  タイトル: 自分を愛し、全てを受容する「愛の循環」
  カテゴリー: 自己受容

[80/1171] 処理中...
  タイトル: 現実を変える！未来を語る言葉の力
  カテゴリー: マインドセット

[81/1171] 処理中...
  タイトル: 起業家向け！ビジネス仕組み化3Daysチャレンジ
  カテゴリー: 目標設定

[82/1171] 処理中...
  タイトル: 時間もお金も生む！起業家の仕組み化3Daysチャレンジ
  カテゴリー: 目標設定

[83/1171] 処理中...
  タイトル: 自分の弱さと向き合い、心の自立へ：インナーチャイルドの癒し
  カテゴリー: マインドセット

[84/1171] 処理中...
  タイトル: 【後期講座追加】真の願望実現法セミナーのご案内
  カテゴリー: マインドセット

[85/1171] 処理中...
  タイトル: 未来を変える人間関係：目標達成は「誰といるか」で決まる
  カテゴリー: 人間関係

[86/1171] 処理中...
  タイトル: 5/17(金)ZOOM販売会リマインド【アンティークコイン】
  カテゴリー: イベント告知

[87/1171] 処理中...
  タイトル: 3月12日「ディマティーニの知恵の部屋」動画公開
  カテゴリー: マインドセット

[88/1171] 処理中...
  タイトル: リアルセミナーQ&A質問募集と開催詳細のお知らせ
  カテゴリー: 行動力

[89/1171] 処理中...
  タイトル: 潜在能力を引き出す「誰かのため」に頑張るマインド
  カテゴリー: マインドセット

[90/1171] 処理中...
  タイトル: 成功の秘訣は「人の痛み」を受け止める覚悟
  カテゴリー: マインドセット

[91/1171] 処理中...
  タイトル: 人生激変！内面変革とマインドセットの力
  カテゴリー: マインドセット

[92/1171] 処理中...
  タイトル: 今のままで完璧。状況を「変えようとしない」
  カテゴリー: マインドセット

[93/1171] 処理中...
  タイトル: 驚きの臨時収入！高次元の変化をもたらすワープ体験
  カテゴリー: マインドセット

[94/1171] 処理中...
  タイトル: 【募集】9/21 お金のヒーリング講座 お財布リーディング
  カテゴリー: マインドセット

[95/1171] 処理中...
  タイトル: ウェルスダイナミクス動画アップロードのご案内
  カテゴリー: 目標設定

[96/1171] 処理中...
  タイトル: 折れない自信の秘訣：ありのままの自分をOKに
  カテゴリー: 自己受容

[97/1171] 処理中...
  タイトル: 「変わろうとする」のをやめたら人生が好転した話
  カテゴリー: マインドセット

[98/1171] 処理中...
  タイトル: ワープ体験セミナー最終案内！宿題で自己変革へ
  カテゴリー: 行動力

[99/1171] 処理中...
  タイトル: 7月10日マーケティング講座動画アップロードのお知らせ
  カテゴリー: 目標設定

[100/1171] 処理中...
  タイトル: 失敗はプロセス：諦めない心が未来を拓く
  カテゴリー: マインドセット
  進捗保存: 100件完了

[101/1171] 処理中...
  タイトル: 全ての問題は『愛』を教える。波動を高めるマインドセット
  カテゴリー: マインドセット

[102/1171] 処理中...
  タイトル: 心のジャッジを手放し、自由で平穏な世界を創る
  カテゴリー: マインドセット

[103/1171] 処理中...
  タイトル: 内面を見つめ「整った状態」で次へ！セミナー先行案内
  カテゴリー: マインドセット

[104/1171] 処理中...
  タイトル: 大切な決断に迷ったら。「正解探し」を卒業するマインドセット
  カテゴリー: マインドセット

[105/1171] 処理中...
  タイトル: 「卒業生サポートzoom」動画公開のお知らせ
  カテゴリー: マインドセット

[106/1171] 処理中...
  タイトル: 会員サイト「ディマティーニの知恵の部屋」動画公開のご案内
  カテゴリー: マインドセット

[107/1171] 処理中...
  タイトル: アンティークコインZOOM販売会：参加詳細と注意事項
  カテゴリー: 販売会情報

[108/1171] 処理中...
  タイトル: 人生を変えるメンターとの出会い方と心構え
  カテゴリー: 人間関係

[109/1171] 処理中...
  タイトル: 人生の輪を活用！定期的な見直しを習慣に
  カテゴリー: 習慣形成

[110/1171] 処理中...
  タイトル: 物心両面を豊かにする仕事の「在り方」
  カテゴリー: マインドセット

[111/1171] 処理中...
  タイトル: あなたの答えは、あなたの内側にある。
  カテゴリー: マインドセット

[112/1171] 処理中...
  タイトル: 変えようとしない生き方で人生は劇的に好転する
  カテゴリー: マインドセット

[113/1171] 処理中...
  タイトル: あなたの未来は習慣が作る！小さな一歩から始めよう
  カテゴリー: 習慣形成

[114/1171] 処理中...
  タイトル: 弱さを受け入れ、小さな行動で自信を育む
  カテゴリー: マインドセット

[115/1171] 処理中...
  タイトル: 弱さを認め、小さな約束を守る。心が強くなるマインドセット
  カテゴリー: マインドセット

[116/1171] 処理中...
  タイトル: お金＝愛のエネルギー：豊かさを育むマインドセット
  カテゴリー: マインドセット

[117/1171] 処理中...
  タイトル: 地味で静かにコツコツ継続が成功の秘訣
  カテゴリー: マインドセット

[118/1171] 処理中...
  タイトル: 「心が喜ぶ」が最強の自己投資！自己肯定感を高める方法
  カテゴリー: マインドセット

[119/1171] 処理中...
  タイトル: 自己愛で人生を劇的に変える！ワープ応援隊体験
  カテゴリー: 自己受容

[120/1171] 処理中...
  タイトル: 感情の波動を高める秘訣と実践ステップ
  カテゴリー: マインドセット

[121/1171] 処理中...
